c:\users\jook1\desktop\work\aimxpert apex\aimxpert apex\x64\release\vc143.pdb
c:\users\jook1\desktop\work\aimxpert apex\aimxpert apex\x64\release\snow.obj
c:\users\jook1\desktop\work\aimxpert apex\aimxpert apex\x64\release\imgui_widgets.obj
c:\users\jook1\desktop\work\aimxpert apex\aimxpert apex\x64\release\imgui_impl_win32.obj
c:\users\jook1\desktop\work\aimxpert apex\aimxpert apex\x64\release\imgui_impl_dx9.obj
c:\users\jook1\desktop\work\aimxpert apex\aimxpert apex\x64\release\imgui_draw.obj
c:\users\jook1\desktop\work\aimxpert apex\aimxpert apex\x64\release\imgui_demo.obj
c:\users\jook1\desktop\work\aimxpert apex\aimxpert apex\x64\release\imgui.obj
c:\users\jook1\desktop\work\aimxpert apex\aimxpert apex\x64\release\main.obj
c:\users\jook1\desktop\work\aimxpert apex\x64\release\aimxpert apex.exe
c:\users\jook1\desktop\work\aimxpert apex\x64\release\aimxpert apex.pdb
c:\users\jook1\desktop\work\aimxpert apex\aimxpert apex\x64\release\aimxpert apex.ipdb
c:\users\jook1\desktop\work\aimxpert apex\aimxpert apex\x64\release\aimxpert apex.iobj
c:\users\jook1\desktop\work\aimxpert apex\aimxpert apex\x64\release\aimxpert apex.tlog\cl.command.1.tlog
c:\users\jook1\desktop\work\aimxpert apex\aimxpert apex\x64\release\aimxpert apex.tlog\cl.items.tlog
c:\users\jook1\desktop\work\aimxpert apex\aimxpert apex\x64\release\aimxpert apex.tlog\cl.read.1.tlog
c:\users\jook1\desktop\work\aimxpert apex\aimxpert apex\x64\release\aimxpert apex.tlog\cl.write.1.tlog
c:\users\jook1\desktop\work\aimxpert apex\aimxpert apex\x64\release\aimxpert apex.tlog\link.command.1.tlog
c:\users\jook1\desktop\work\aimxpert apex\aimxpert apex\x64\release\aimxpert apex.tlog\link.read.1.tlog
c:\users\jook1\desktop\work\aimxpert apex\aimxpert apex\x64\release\aimxpert apex.tlog\link.secondary.1.tlog
c:\users\jook1\desktop\work\aimxpert apex\aimxpert apex\x64\release\aimxpert apex.tlog\link.write.1.tlog
